<?xml version="1.0" encoding="UTF-8"?>
<!-- Generated by org.testng.reporters.JUnitXMLReporter -->
<testsuite hostname="ADMINRG-5TR1J4C" ignored="0" name="Surefire test" tests="9" failures="4" timestamp="07 Jan 2019 11:40:03 GMT" time="18.024" errors="0">
  <testcase name="Crminfo_Add" time="6.691" classname="com.altius.automation.TestAutomation"/>
  <testcase name="Crminfo_Add_meal" time="0.537" classname="com.altius.automation.TestAutomation">
    <failure type="org.openqa.selenium.NoSuchWindowException" message="no such window: target window already closed
from unknown error: web view not found
  (Session info: chrome=71.0.3578.98)
  (Driver info: chromedriver=2.45.615291 (ec3682e3c9061c10f26ea9e5cdcf3c53f3f74387),platform=Windows NT 10.0.17134 x86_64) (WARNING: The server did not provide any stacktrace information)
Build info: version: &amp;apos;2.5.0&amp;apos;, revision: &amp;apos;13548&amp;apos;, time: &amp;apos;2011-08-24 13:44:31&amp;apos;
System info: os.name: &amp;apos;Windows 10&amp;apos;, os.arch: &amp;apos;amd64&amp;apos;, os.version: &amp;apos;10.0&amp;apos;, java.version: &amp;apos;1.8.0_144&amp;apos;
Driver info: driver.version: RemoteWebDriver">
      <![CDATA[org.openqa.selenium.NoSuchWindowException: no such window: target window already closed
from unknown error: web view not found
  (Session info: chrome=71.0.3578.98)
  (Driver info: chromedriver=2.45.615291 (ec3682e3c9061c10f26ea9e5cdcf3c53f3f74387),platform=Windows NT 10.0.17134 x86_64) (WARNING: The server did not provide any stacktrace information)
Build info: version: '2.5.0', revision: '13548', time: '2011-08-24 13:44:31'
System info: os.name: 'Windows 10', os.arch: 'amd64', os.version: '10.0', java.version: '1.8.0_144'
Driver info: driver.version: RemoteWebDriver
at org.openqa.selenium.remote.ErrorHandler.createThrowable(ErrorHandler.java:131)
at org.openqa.selenium.remote.ErrorHandler.throwIfResponseFailed(ErrorHandler.java:110)
at org.openqa.selenium.remote.RemoteWebDriver.execute(RemoteWebDriver.java:409)
at org.openqa.selenium.remote.RemoteWebDriver.findElement(RemoteWebDriver.java:197)
at org.openqa.selenium.remote.RemoteWebDriver.findElementByName(RemoteWebDriver.java:246)
at org.openqa.selenium.By$ByName.findElement(By.java:298)
at org.openqa.selenium.remote.RemoteWebDriver.findElement(RemoteWebDriver.java:189)
at com.altius.automation.TestAutomation.Crminfo_Add_meal(TestAutomation.java:698)
... Removed 34 stack frames]]>
    </failure>
  </testcase> <!-- Crminfo_Add_meal -->
  <testcase name="Login_invalid" time="0.006" classname="com.altius.automation.TestAutomation">
    <failure type="org.openqa.selenium.NoSuchWindowException" message="no such window: target window already closed
from unknown error: web view not found
  (Session info: chrome=71.0.3578.98)
  (Driver info: chromedriver=2.45.615291 (ec3682e3c9061c10f26ea9e5cdcf3c53f3f74387),platform=Windows NT 10.0.17134 x86_64) (WARNING: The server did not provide any stacktrace information)
Build info: version: &amp;apos;2.5.0&amp;apos;, revision: &amp;apos;13548&amp;apos;, time: &amp;apos;2011-08-24 13:44:31&amp;apos;
System info: os.name: &amp;apos;Windows 10&amp;apos;, os.arch: &amp;apos;amd64&amp;apos;, os.version: &amp;apos;10.0&amp;apos;, java.version: &amp;apos;1.8.0_144&amp;apos;
Driver info: driver.version: RemoteWebDriver">
      <![CDATA[org.openqa.selenium.NoSuchWindowException: no such window: target window already closed
from unknown error: web view not found
  (Session info: chrome=71.0.3578.98)
  (Driver info: chromedriver=2.45.615291 (ec3682e3c9061c10f26ea9e5cdcf3c53f3f74387),platform=Windows NT 10.0.17134 x86_64) (WARNING: The server did not provide any stacktrace information)
Build info: version: '2.5.0', revision: '13548', time: '2011-08-24 13:44:31'
System info: os.name: 'Windows 10', os.arch: 'amd64', os.version: '10.0', java.version: '1.8.0_144'
Driver info: driver.version: RemoteWebDriver
at org.openqa.selenium.remote.ErrorHandler.createThrowable(ErrorHandler.java:131)
at org.openqa.selenium.remote.ErrorHandler.throwIfResponseFailed(ErrorHandler.java:110)
at org.openqa.selenium.remote.RemoteWebDriver.execute(RemoteWebDriver.java:409)
at org.openqa.selenium.remote.RemoteWebDriver.findElement(RemoteWebDriver.java:197)
at org.openqa.selenium.remote.RemoteWebDriver.findElementById(RemoteWebDriver.java:214)
at org.openqa.selenium.By$ById.findElement(By.java:222)
at org.openqa.selenium.remote.RemoteWebDriver.findElement(RemoteWebDriver.java:189)
at com.altius.automation.TestAutomation.Login_invalid(TestAutomation.java:118)
... Removed 34 stack frames]]>
    </failure>
  </testcase> <!-- Login_invalid -->
  <testcase name="Login_valid" time="0.003" classname="com.altius.automation.TestAutomation">
    <failure type="org.openqa.selenium.NoSuchWindowException" message="no such window: target window already closed
from unknown error: web view not found
  (Session info: chrome=71.0.3578.98)
  (Driver info: chromedriver=2.45.615291 (ec3682e3c9061c10f26ea9e5cdcf3c53f3f74387),platform=Windows NT 10.0.17134 x86_64) (WARNING: The server did not provide any stacktrace information)
Build info: version: &amp;apos;2.5.0&amp;apos;, revision: &amp;apos;13548&amp;apos;, time: &amp;apos;2011-08-24 13:44:31&amp;apos;
System info: os.name: &amp;apos;Windows 10&amp;apos;, os.arch: &amp;apos;amd64&amp;apos;, os.version: &amp;apos;10.0&amp;apos;, java.version: &amp;apos;1.8.0_144&amp;apos;
Driver info: driver.version: RemoteWebDriver">
      <![CDATA[org.openqa.selenium.NoSuchWindowException: no such window: target window already closed
from unknown error: web view not found
  (Session info: chrome=71.0.3578.98)
  (Driver info: chromedriver=2.45.615291 (ec3682e3c9061c10f26ea9e5cdcf3c53f3f74387),platform=Windows NT 10.0.17134 x86_64) (WARNING: The server did not provide any stacktrace information)
Build info: version: '2.5.0', revision: '13548', time: '2011-08-24 13:44:31'
System info: os.name: 'Windows 10', os.arch: 'amd64', os.version: '10.0', java.version: '1.8.0_144'
Driver info: driver.version: RemoteWebDriver
at org.openqa.selenium.remote.ErrorHandler.createThrowable(ErrorHandler.java:131)
at org.openqa.selenium.remote.ErrorHandler.throwIfResponseFailed(ErrorHandler.java:110)
at org.openqa.selenium.remote.RemoteWebDriver.execute(RemoteWebDriver.java:409)
at org.openqa.selenium.remote.RemoteWebDriver.findElement(RemoteWebDriver.java:197)
at org.openqa.selenium.remote.RemoteWebDriver.findElementById(RemoteWebDriver.java:214)
at org.openqa.selenium.By$ById.findElement(By.java:222)
at org.openqa.selenium.remote.RemoteWebDriver.findElement(RemoteWebDriver.java:189)
at com.altius.automation.TestAutomation.Login_valid(TestAutomation.java:39)
... Removed 34 stack frames]]>
    </failure>
  </testcase> <!-- Login_valid -->
  <testcase name="New_view_control" time="0.208" classname="com.altius.automation.TestAutomation"/>
  <testcase name="New_view_control_view" time="0.204" classname="com.altius.automation.TestAutomation"/>
  <testcase name="boundary_valus" time="0.004" classname="com.altius.automation.TestAutomation">
    <failure type="org.openqa.selenium.NoSuchWindowException" message="no such window: target window already closed
from unknown error: web view not found
  (Session info: chrome=71.0.3578.98)
  (Driver info: chromedriver=2.45.615291 (ec3682e3c9061c10f26ea9e5cdcf3c53f3f74387),platform=Windows NT 10.0.17134 x86_64) (WARNING: The server did not provide any stacktrace information)
Build info: version: &amp;apos;2.5.0&amp;apos;, revision: &amp;apos;13548&amp;apos;, time: &amp;apos;2011-08-24 13:44:31&amp;apos;
System info: os.name: &amp;apos;Windows 10&amp;apos;, os.arch: &amp;apos;amd64&amp;apos;, os.version: &amp;apos;10.0&amp;apos;, java.version: &amp;apos;1.8.0_144&amp;apos;
Driver info: driver.version: RemoteWebDriver">
      <![CDATA[org.openqa.selenium.NoSuchWindowException: no such window: target window already closed
from unknown error: web view not found
  (Session info: chrome=71.0.3578.98)
  (Driver info: chromedriver=2.45.615291 (ec3682e3c9061c10f26ea9e5cdcf3c53f3f74387),platform=Windows NT 10.0.17134 x86_64) (WARNING: The server did not provide any stacktrace information)
Build info: version: '2.5.0', revision: '13548', time: '2011-08-24 13:44:31'
System info: os.name: 'Windows 10', os.arch: 'amd64', os.version: '10.0', java.version: '1.8.0_144'
Driver info: driver.version: RemoteWebDriver
at org.openqa.selenium.remote.ErrorHandler.createThrowable(ErrorHandler.java:131)
at org.openqa.selenium.remote.ErrorHandler.throwIfResponseFailed(ErrorHandler.java:110)
at org.openqa.selenium.remote.RemoteWebDriver.execute(RemoteWebDriver.java:409)
at org.openqa.selenium.remote.RemoteWebDriver.findElement(RemoteWebDriver.java:197)
at org.openqa.selenium.remote.RemoteWebDriver.findElementById(RemoteWebDriver.java:214)
at org.openqa.selenium.By$ById.findElement(By.java:222)
at org.openqa.selenium.remote.RemoteWebDriver.findElement(RemoteWebDriver.java:189)
at com.altius.automation.TestAutomation.boundary_valus(TestAutomation.java:207)
... Removed 34 stack frames]]>
    </failure>
  </testcase> <!-- boundary_valus -->
  <testcase name="individual_enrollment" time="0.568" classname="com.altius.automation.TestAutomation"/>
  <testcase name="view_control" time="0.522" classname="com.altius.automation.TestAutomation"/>
</testsuite> <!-- Surefire test -->
